{"C:\\Users\\adrazdova\\car-insurance\\carinsurance-webui\\vuetify-project\\src\\dateUtils.ts": {"path":"C:\\Users\\adrazdova\\car-insurance\\carinsurance-webui\\vuetify-project\\src\\dateUtils.ts","all":false,"statementMap":{"0":{"start":{"line":1,"column":0},"end":{"line":1,"column":73}},"1":{"start":{"line":2,"column":0},"end":{"line":2,"column":38}},"2":{"start":{"line":3,"column":0},"end":{"line":3,"column":0}},"3":{"start":{"line":4,"column":0},"end":{"line":4,"column":37}},"4":{"start":{"line":5,"column":0},"end":{"line":5,"column":0}},"5":{"start":{"line":6,"column":0},"end":{"line":6,"column":56}},"6":{"start":{"line":7,"column":0},"end":{"line":7,"column":0}},"7":{"start":{"line":8,"column":0},"end":{"line":8,"column":54}},"8":{"start":{"line":9,"column":0},"end":{"line":9,"column":19}},"9":{"start":{"line":10,"column":0},"end":{"line":10,"column":21}},"10":{"start":{"line":11,"column":0},"end":{"line":11,"column":19}},"11":{"start":{"line":12,"column":0},"end":{"line":12,"column":4}},"12":{"start":{"line":13,"column":0},"end":{"line":13,"column":37}},"13":{"start":{"line":14,"column":0},"end":{"line":14,"column":1}}},"s":{"0":1,"1":3,"2":2,"3":2,"4":2,"5":3,"6":1,"7":1,"8":1,"9":1,"10":1,"11":1,"12":1,"13":1},"branchMap":{"0":{"type":"branch","line":1,"loc":{"start":{"line":1,"column":26},"end":{"line":14,"column":1}},"locations":[{"start":{"line":1,"column":26},"end":{"line":14,"column":1}}]},"1":{"type":"branch","line":2,"loc":{"start":{"line":2,"column":26},"end":{"line":2,"column":38}},"locations":[{"start":{"line":2,"column":26},"end":{"line":2,"column":38}}]},"2":{"type":"branch","line":2,"loc":{"start":{"line":2,"column":33},"end":{"line":6,"column":42}},"locations":[{"start":{"line":2,"column":33},"end":{"line":6,"column":42}}]},"3":{"type":"branch","line":6,"loc":{"start":{"line":6,"column":35},"end":{"line":14,"column":1}},"locations":[{"start":{"line":6,"column":35},"end":{"line":14,"column":1}}]}},"b":{"0":[3],"1":[1],"2":[2],"3":[1]},"fnMap":{"0":{"name":"formatDate","decl":{"start":{"line":1,"column":26},"end":{"line":14,"column":1}},"loc":{"start":{"line":1,"column":26},"end":{"line":14,"column":1}},"line":1}},"f":{"0":3}}
}
